warn: Microsoft.AspNetCore.DataProtection.Repositories.EphemeralXmlRepository[50]
      Using an in-memory repository. Keys will not be persisted to storage.
warn: Microsoft.AspNetCore.DataProtection.KeyManagement.XmlKeyManager[59]
      Neither user profile nor HKLM registry available. Using an ephemeral key repository. Protected data will be unavailable when application exits.
warn: Microsoft.AspNetCore.DataProtection.KeyManagement.XmlKeyManager[35]
      No XML encryptor configured. Key {b01b2c54-89ef-4a0b-8c5b-58d0609fce10} may be persisted to storage in unencrypted form.
info: Hangfire.SqlServer.SqlServerObjectsInstaller[0]
      Start installing Hangfire SQL objects...
info: Hangfire.SqlServer.SqlServerObjectsInstaller[0]
      Hangfire SQL objects installed.
info: Hangfire.BackgroundJobServer[0]
      Starting Hangfire Server using job storage: 'SQL Server: .@microliu.email'
info: Hangfire.BackgroundJobServer[0]
      Using the following options for SQL Server job storage: Queue poll interval: 00:00:00.
info: Hangfire.BackgroundJobServer[0]
      Using the following options for Hangfire Server:
          Worker count: 20
          Listening queues: 'default'
          Shutdown timeout: 00:00:15
          Schedule polling interval: 00:00:15
Hosting environment: Production
Content root path: D:\Microliu\src\Publish\service.emailService
Application started. Press Ctrl+C to shut down.
info: Hangfire.Server.BackgroundServerProcess[0]
      Server dk047:18452:7b165d52 successfully announced in 47.8866 ms
info: Hangfire.Server.BackgroundServerProcess[0]
      Server dk047:18452:7b165d52 is starting the registered dispatchers: ServerWatchdog, ServerJobCancellationWatcher, ExpirationManager, CountersAggregator, Worker, DelayedJobScheduler, RecurringJobScheduler...
info: Hangfire.Server.BackgroundServerProcess[0]
      Server dk047:18452:7b165d52 all the dispatchers started
info: Hangfire.Server.BackgroundServerProcess[0]
      Server dk047:18452:7b165d52 caught stopping signal...
info: Hangfire.Server.BackgroundServerProcess[0]
      Server dk047:18452:7b165d52 caught stopped signal...
warn: DotNetCore.CAP.ConsumerRegister[0]
      RabbitMQ consumer cancelled. --> amq.ctag-gV1o-IADjc-bEwxWKiy8hg
warn: DotNetCore.CAP.ConsumerRegister[0]
      RabbitMQ consumer shutdown. --> Goodbye
warn: DotNetCore.CAP.ConsumerRegister[0]
      RabbitMQ consumer cancelled. --> amq.ctag-7hWrTWbbBACP1FfNhl8vdQ
warn: DotNetCore.CAP.ConsumerRegister[0]
      RabbitMQ consumer shutdown. --> Goodbye
warn: DotNetCore.CAP.RabbitMQ.ConnectionChannelPool[0]
      RabbitMQ client connection closed! --> Connection close forced
info: Hangfire.Server.BackgroundServerProcess[0]
      Server dk047:18452:7b165d52 All dispatchers stopped
info: Hangfire.Server.BackgroundServerProcess[0]
      Server dk047:18452:7b165d52 successfully reported itself as stopped in 8.9995 ms
info: Hangfire.Server.BackgroundServerProcess[0]
      Server dk047:18452:7b165d52 has been stopped in total 1161.3322 ms
